<?xml version="1.0" encoding="UTF-8"?>
<!-- Generated by org.testng.reporters.JUnitXMLReporter -->
<testsuite ignored="0" hostname="prabhudasrajagoni999" failures="0" tests="4" name="Test Runner 1" time="0.079" errors="0" timestamp="2023-10-14T14:57:28 IST">
  <testcase classname="DistributedParallel.Test1" name="demo1" time="0.012"/>
  <testcase classname="DistributedParallel.Test1" name="demo2" time="0.001"/>
  <testcase classname="DistributedParallel.Test2" name="demo1" time="0.002"/>
  <testcase classname="DistributedParallel.Test2" name="demo2" time="0.002"/>
</testsuite> <!-- Test Runner 1 -->
