<?xml version="1.0" encoding="UTF-8"?>
<!-- Generated by org.testng.reporters.JUnitXMLReporter -->
<testsuite ignored="0" hostname="prabhudasrajagoni999" failures="0" tests="4" name="Test Runner 2" time="0.08" errors="0" timestamp="2023-10-14T14:57:28 IST">
  <testcase classname="DistributedParallel.Test3" name="demo1" time="0.012"/>
  <testcase classname="DistributedParallel.Test3" name="demo2" time="0.001"/>
  <testcase classname="DistributedParallel.Test4" name="demo1" time="0.001"/>
  <testcase classname="DistributedParallel.Test4" name="demo2" time="0.003"/>
</testsuite> <!-- Test Runner 2 -->
