<?xml version="1.0" encoding="UTF-8"?>
<!-- Generated by org.testng.reporters.JUnitXMLReporter -->
<testsuite ignored="0" hostname="prabhudasrajagoni999" failures="0" tests="6" name="Test" time="0.072" errors="0" timestamp="2023-10-13T14:56:30 IST">
  <testcase classname="testng.TestClass2" name="demo1" time="0.009"/>
  <testcase classname="testng.TestClass2" name="demo2" time="0.001"/>
  <testcase classname="testng.TestClass1" name="demo1" time="0.003"/>
  <testcase classname="testng.TestClass1" name="demo2" time="0.002"/>
  <testcase classname="testng.TestClass3" name="demo1" time="0.001"/>
  <testcase classname="testng.TestClass3" name="demo2" time="0.001"/>
</testsuite> <!-- Test -->
