<?xml version="1.0" encoding="UTF-8"?>
<testng-results ignored="0" total="1" passed="1" failed="0" skipped="0">
  <reporter-output>
  </reporter-output>
  <suite started-at="2023-10-18T14:28:42 IST" name="Default suite" finished-at="2023-10-18T14:28:42 IST" duration-ms="54">
    <groups>
    </groups>
    <test started-at="2023-10-18T14:28:42 IST" name="Default test" finished-at="2023-10-18T14:28:42 IST" duration-ms="54">
      <class name="Listeners.TestClass4">
        <test-method signature="test0()[pri:0, instance:Listeners.TestClass4@659499f1]" started-at="2023-10-18T14:28:42 IST" name="test0" finished-at="2023-10-18T14:28:42 IST" duration-ms="9" status="PASS">
          <reporter-output>
          </reporter-output>
        </test-method> <!-- test0 -->
      </class> <!-- Listeners.TestClass4 -->
    </test> <!-- Default test -->
  </suite> <!-- Default suite -->
</testng-results>
